[2025-06-04 15:52:45] [INFO] D√©marrage du script v2.0.0
[2025-06-04 15:52:47] [INFO] Informations collect√©es - Testeur: test, Client: test
[2025-06-04 15:52:47] [DEBUG] Lu 5 lignes de ./Library/Ressources/BIENS_RISQUES.csv
[2025-06-04 15:52:50] [INFO] Bien essentiel s√©lectionn√©: Serveur Web
[2025-06-04 15:52:50] [DEBUG] Lu 5 lignes de ./Library/Ressources/BIENS_RISQUES.csv
[2025-06-04 15:52:50] [INFO] Risque associ√© trouv√©: Exposition aux attaques rÈseau
[2025-06-04 15:52:50] [DEBUG] Lu 5 lignes de ./Library/Ressources/RISQUES_ATTAQUES.csv
[2025-06-04 15:52:50] [INFO] Attaque associ√©e trouv√©e: Scan de ports
[2025-06-04 15:52:50] [DEBUG] Lu 7 lignes de ./Library/Ressources/ATTAQUES_OUTILS.csv
[2025-06-04 15:52:51] [INFO] Outil s√©lectionn√©: nmap
[2025-06-04 15:52:51] [DEBUG] V√©rification de l'installation de: nmap
[2025-06-04 15:52:51] [INFO] L'outil nmap est d√©j√† install√©
[2025-06-04 15:52:58] [INFO] Cible s√©lectionn√©e: 192.168.200.158
[2025-06-04 15:52:58] [DEBUG] Chargement de la configuration depuis: ./Library/VulnOSI/level3/nmap.md
[2025-06-04 15:52:58] [DEBUG] Configuration charg√©e pour nmap: prereq, command
[2025-06-04 15:52:58] [INFO] Ex√©cution de la commande: nmap "192.168.200.158"
[2025-06-04 15:52:59] [DEBUG] Code de sortie: 0
[2025-06-04 15:52:59] [INFO] Ex√©cution de nmap termin√©e
[2025-06-04 15:53:05] [DEBUG] Commentaire saisi: test
[2025-06-04 15:53:05] [INFO] G√©n√©ration du rapport: RESULTAT/rapport_20250604_155305_test.md
[2025-06-04 15:53:05] [INFO] Rapport g√©n√©r√© avec succ√®s: RESULTAT/rapport_20250604_155305_test.md
[2025-06-04 15:53:05] [INFO] Script termin√© avec succ√®s
[2025-06-04 15:57:11] [INFO] D√©marrage du script v2.0.0
[2025-06-04 15:57:13] [WARN] Nom du client invalide
[2025-06-04 15:57:14] [INFO] Informations collect√©es - Testeur: test, Client: test
[2025-06-04 15:57:14] [DEBUG] Lu 5 lignes de ./Library/Ressources/BIENS_RISQUES.csv
[2025-06-04 15:57:17] [INFO] Bien essentiel s√©lectionn√©: Serveur Web
[2025-06-04 15:57:17] [DEBUG] Lu 5 lignes de ./Library/Ressources/BIENS_RISQUES.csv
[2025-06-04 15:57:17] [INFO] Risque associ√© trouv√©: Exposition aux attaques rÈseau
[2025-06-04 15:57:17] [DEBUG] Lu 5 lignes de ./Library/Ressources/RISQUES_ATTAQUES.csv
[2025-06-04 15:57:17] [INFO] Attaque associ√©e trouv√©e: Scan de ports
[2025-06-04 15:57:17] [DEBUG] Lu 7 lignes de ./Library/Ressources/ATTAQUES_OUTILS.csv
[2025-06-04 15:57:18] [INFO] Outil s√©lectionn√©: nmap
[2025-06-04 15:57:18] [DEBUG] V√©rification de l'installation de: nmap
[2025-06-04 15:57:18] [INFO] L'outil nmap est d√©j√† install√©
[2025-06-04 15:57:22] [INFO] Cible s√©lectionn√©e: 127.0.0.1
[2025-06-04 15:57:22] [DEBUG] Chargement de la configuration depuis: ./Library/VulnOSI/level3/nmap.md
[2025-06-04 15:57:22] [DEBUG] Configuration charg√©e pour nmap: prereq, command
[2025-06-04 15:57:22] [INFO] Ex√©cution de la commande: nmap "127.0.0.1"
[2025-06-04 15:57:22] [DEBUG] Code de sortie: 0
[2025-06-04 15:57:22] [INFO] Ex√©cution de nmap termin√©e
[2025-06-04 15:57:24] [DEBUG] Commentaire saisi: test
[2025-06-04 15:57:24] [INFO] G√©n√©ration du rapport: RESULTAT/rapport_20250604_155724_test.md
[2025-06-04 15:57:24] [INFO] Rapport g√©n√©r√© avec succ√®s: RESULTAT/rapport_20250604_155724_test.md
[2025-06-04 15:57:24] [INFO] Script termin√© avec succ√®s
[2025-06-04 16:04:58] [INFO] D√©marrage du script v2.0.0
[2025-06-04 16:05:00] [INFO] Informations collect√©es - Testeur: test, Client: test
[2025-06-04 16:05:00] [DEBUG] Lu 5 lignes de ./Library/Ressources/BIENS_RISQUES.csv
[2025-06-04 16:05:02] [INFO] Bien essentiel s√©lectionn√©: Serveur Web
[2025-06-04 16:05:02] [DEBUG] Lu 5 lignes de ./Library/Ressources/BIENS_RISQUES.csv
[2025-06-04 16:05:02] [INFO] Risque associ√© trouv√©: Exposition aux attaques rÈseau
[2025-06-04 16:05:02] [DEBUG] Lu 5 lignes de ./Library/Ressources/RISQUES_ATTAQUES.csv
[2025-06-04 16:05:02] [INFO] Attaque associ√©e trouv√©e: Scan de ports
[2025-06-04 16:05:02] [DEBUG] Lu 7 lignes de ./Library/Ressources/ATTAQUES_OUTILS.csv
[2025-06-04 16:05:04] [INFO] Outil s√©lectionn√©: nmap
[2025-06-04 16:05:04] [DEBUG] V√©rification de l'installation de: nmap
[2025-06-04 16:05:04] [INFO] L'outil nmap est d√©j√† install√©
[2025-06-04 16:05:08] [INFO] Cible s√©lectionn√©e: 127.0.0.1
[2025-06-04 16:05:08] [DEBUG] Chargement de la configuration depuis: ./Library/VulnOSI/level3/nmap.md
[2025-06-04 16:05:08] [DEBUG] Configuration charg√©e pour nmap: prereq, command
[2025-06-04 16:05:08] [INFO] Ex√©cution de la commande: nmap "127.0.0.1"
[2025-06-04 16:05:08] [DEBUG] Code de sortie: 0
[2025-06-04 16:05:08] [INFO] Ex√©cution de nmap termin√©e
[2025-06-04 16:05:12] [DEBUG] Commentaire saisi: Aucun commentaire
[2025-06-04 16:05:12] [INFO] G√©n√©ration du rapport: RESULTAT/rapport_20250604_160512_test.md
[2025-06-04 16:05:12] [INFO] Rapport g√©n√©r√© avec succ√®s: RESULTAT/rapport_20250604_160512_test.md
[2025-06-04 16:05:12] [INFO] Script termin√© avec succ√®s
